#
# An unexpected error has occurred (11)
#
Stack:
/opt/Xilinx/Vivado/2018.2/tps/lnx64/jre/lib/amd64/server/libjvm.so(+0x923da9) [0x7f255370cda9]
/opt/Xilinx/Vivado/2018.2/tps/lnx64/jre/lib/amd64/server/libjvm.so(JVM_handle_linux_signal+0xb6) [0x7f25537133f6]
/opt/Xilinx/Vivado/2018.2/tps/lnx64/jre/lib/amd64/server/libjvm.so(+0x9209d3) [0x7f25537099d3]
/lib/x86_64-linux-gnu/libc.so.6(+0x3efd0) [0x7f25921aafd0]
/opt/Xilinx/Vivado/2018.2/lib/lnx64.o/librdi_coregen.so(__gnu_cxx::__normal_iterator<HACGPAbstractionDefinitionPortsPort* const*, std::vector<HACGPAbstractionDefinitionPortsPort*, std::allocator<HACGPAbstractionDefinitionPortsPort*> > > std::__find_if<__gnu_cxx::__normal_iterator<HACGPAbstractionDefinitionPortsPort* const*, std::vector<HACGPAbstractionDefinitionPortsPort*, std::allocator<HACGPAbstractionDefinitionPortsPort*> > >, __gnu_cxx::__ops::_Iter_pred<boost::_bi::bind_t<bool, boost::_bi::equal, boost::_bi::list2<boost::_bi::bind_t<std::__cxx11::basic_string<char, std::char_traits<char>, std::allocator<char> > const&, boost::_mfi::cmf0<std::__cxx11::basic_string<char, std::char_traits<char>, std::allocator<char> > const&, HACGPAbstractionDefinitionPortsPort>, boost::_bi::list1<boost::arg<1> > >, boost::_bi::value<std::__cxx11::basic_string<char, std::char_traits<char>, std::allocator<char> > > > > > >(__gnu_cxx::__normal_iterator<HACGPAbstractionDefinitionPortsPort* const*, std::vector<HACGPAbstractionDefinitionPortsPort*, std::allocator<HACGPAbstractionDefinitionPortsPort*> > >, __gnu_cxx::__normal_iterator<HACGPAbstractionDefinitionPortsPort* const*, std::vector<HACGPAbstractionDefinitionPortsPort*, std::allocator<HACGPAbstractionDefinitionPortsPort*> > >, __gnu_cxx::__ops::_Iter_pred<boost::_bi::bind_t<bool, boost::_bi::equal, boost::_bi::list2<boost::_bi::bind_t<std::__cxx11::basic_string<char, std::char_traits<char>, std::allocator<char> > const&, boost::_mfi::cmf0<std::__cxx11::basic_string<char, std::char_traits<char>, std::allocator<char> > const&, HACGPAbstractionDefinitionPortsPort>, boost::_bi::list1<boost::arg<1> > >, boost::_bi::value<std::__cxx11::basic_string<char, std::char_traits<char>, std::allocator<char> > > > > >, std::random_access_iterator_tag)+0xd1) [0x7f25808df5a1]
/opt/Xilinx/Vivado/2018.2/lib/lnx64.o/librdi_coregen.so(+0xd47a04) [0x7f25808dfa04]
/opt/Xilinx/Vivado/2018.2/lib/lnx64.o/librdi_coregen.so(HRSBCoAbsDefUtil::isClockAbsDefPort(std::__cxx11::basic_string<char, std::char_traits<char>, std::allocator<char> > const&) const+0x10) [0x7f2580cb8700]
/opt/Xilinx/Vivado/2018.2/lib/lnx64.o/librdi_rsb.so(HRSBEnUtil::writeOOCXdcFile(std::__cxx11::basic_string<char, std::char_traits<char>, std::allocator<char> > const&, HRSBMoDiagram*)+0x6cf) [0x7f2563a3f6ef]
/opt/Xilinx/Vivado/2018.2/lib/lnx64.o/librdi_rsb.so(HRSBEnEngineMgr::generateDesign(std::__cxx11::basic_string<char, std::char_traits<char>, std::allocator<char> > const&, std::__cxx11::basic_string<char, std::char_traits<char>, std::allocator<char> > const&)+0xaa4) [0x7f2563a08ef4]
/opt/Xilinx/Vivado/2018.2/lib/lnx64.o/librdi_rsb.so(HRSBEnCompositeFile::generateTopHdlWrapper(std::__cxx11::basic_string<char, std::char_traits<char>, std::allocator<char> > const&, HDGUIStatus&)+0xd9) [0x7f25639acf69]
/opt/Xilinx/Vivado/2018.2/lib/lnx64.o/librdi_rsb.so(HRSBEnCompositeFile::_generateFor_(HSTVector<std::__cxx11::basic_string<char, std::char_traits<char>, std::allocator<char> >, std::allocator<std::__cxx11::basic_string<char, std::char_traits<char>, std::allocator<char> > > > const&, HDGUIStatus&, bool)+0x7b2) [0x7f25639b9ed2]
/opt/Xilinx/Vivado/2018.2/lib/lnx64.o/librdi_filemgmt.so(HDDACompositeFile::generateFor(HSTVector<std::__cxx11::basic_string<char, std::char_traits<char>, std::allocator<char> >, std::allocator<std::__cxx11::basic_string<char, std::char_traits<char>, std::allocator<char> > > > const&, HDGUIStatus&, bool)+0x29a) [0x7f256d56ce5a]
/opt/Xilinx/Vivado/2018.2/lib/lnx64.o/librdi_filemgmt.so(HDDACompositeFile::generateFor(HDDATypes::GenerationTarget, HDGUIStatus&, bool)+0x83) [0x7f256d56d363]
/opt/Xilinx/Vivado/2018.2/lib/lnx64.o/librdi_tcltasks.so(+0x14a5eff) [0x7f2585b29eff]
/opt/Xilinx/Vivado/2018.2/lib/lnx64.o/librdi_tcltasks.so(+0x14aa3b6) [0x7f2585b2e3b6]
/opt/Xilinx/Vivado/2018.2/lib/lnx64.o/librdi_common.so(+0x78e792) [0x7f259348c792]
/opt/Xilinx/Vivado/2018.2/lib/lnx64.o/libtcl8.5.so(+0x334af) [0x7f258d7464af]
/opt/Xilinx/Vivado/2018.2/lib/lnx64.o/libtcl8.5.so(+0x76875) [0x7f258d789875]
/opt/Xilinx/Vivado/2018.2/lib/lnx64.o/libtcl8.5.so(+0x7e029) [0x7f258d791029]
/opt/Xilinx/Vivado/2018.2/lib/lnx64.o/libtcl8.5.so(TclEvalObjEx+0x76) [0x7f258d748156]
/opt/Xilinx/Vivado/2018.2/lib/lnx64.o/librdi_common.so(+0x78cca1) [0x7f259348aca1]
/opt/Xilinx/Vivado/2018.2/lib/lnx64.o/libtcl8.5.so(Tcl_ServiceEvent+0x7f) [0x7f258d7bab0f]
/opt/Xilinx/Vivado/2018.2/lib/lnx64.o/libtcl8.5.so(Tcl_DoOneEvent+0x154) [0x7f258d7bae44]
/opt/Xilinx/Vivado/2018.2/lib/lnx64.o/librdi_commontasks.so(+0x1f9535) [0x7f258860b535]
/opt/Xilinx/Vivado/2018.2/lib/lnx64.o/librdi_commontasks.so(+0x2014c3) [0x7f25886134c3]
/opt/Xilinx/Vivado/2018.2/lib/lnx64.o/librdi_commontasks.so(+0x20255e) [0x7f258861455e]
/opt/Xilinx/Vivado/2018.2/lib/lnx64.o/librdi_common.so(+0x78e792) [0x7f259348c792]
/opt/Xilinx/Vivado/2018.2/lib/lnx64.o/libtcl8.5.so(+0x334af) [0x7f258d7464af]
/opt/Xilinx/Vivado/2018.2/lib/lnx64.o/libtcl8.5.so(+0x76875) [0x7f258d789875]
/opt/Xilinx/Vivado/2018.2/lib/lnx64.o/libtcl8.5.so(+0x7e029) [0x7f258d791029]
/opt/Xilinx/Vivado/2018.2/lib/lnx64.o/libtcl8.5.so(TclEvalObjEx+0x76) [0x7f258d748156]
/opt/Xilinx/Vivado/2018.2/lib/lnx64.o/librdi_commonmain.so(+0x7414) [0x7f2592afa414]
/opt/Xilinx/Vivado/2018.2/lib/lnx64.o/libtcl8.5.so(Tcl_Main+0x1d0) [0x7f258d7b3210]
/opt/Xilinx/Vivado/2018.2/lib/lnx64.o/librdi_common.so(+0x7d175b) [0x7f25934cf75b]
/lib/x86_64-linux-gnu/libpthread.so.0(+0x76db) [0x7f2591f546db]
/lib/x86_64-linux-gnu/libc.so.6(clone+0x3f) [0x7f259228da3f]
